<?xml version="1.0" encoding="UTF-8"?>
<testsuites name="Checkout" time="130.55" tests="4" failures="2" errors="0">
   <testsuite name="Checkout" tests="4" failures="2" errors="0" time="130.55" skipped="0" timestamp="2024-02-13 22:09:53" hostname="CIkal - Cikal" id="Test Suites/Checkout">
      <properties>
         <property name="deviceName" value="emulator-5554 (Android SDK built for x86 - Android 11)"/>
         <property name="devicePlatform" value=""/>
         <property name="logFolder" value="C:\\Users\\CIkal\\git\\katalon-finalmobile-RajasaCikal\\Reports\\20240213_220949\\Checkout\\20240213_220949"/>
         <property name="logFiles" value="C:\\Users\\CIkal\\git\\katalon-finalmobile-RajasaCikal\\Reports\\20240213_220949\\Checkout\\20240213_220949\\appium.log, C:\\Users\\CIkal\\git\\katalon-finalmobile-RajasaCikal\\Reports\\20240213_220949\\Checkout\\20240213_220949\\execution0.log"/>
         <property name="attachments" value="C:\\Users\\CIkal\\git\\katalon-finalmobile-RajasaCikal\\Reports\\20240213_220949\\Checkout\\20240213_220949\\1707837050488.png, C:\\Users\\CIkal\\git\\katalon-finalmobile-RajasaCikal\\Reports\\20240213_220949\\Checkout\\20240213_220949\\1707837123271.png"/>
         <property name="hostName" value="CIkal - Cikal"/>
         <property name="os" value="Windows 11 64bit"/>
         <property name="appiumServerStatus" value="{&quot;value&quot;:{&quot;build&quot;:{&quot;version&quot;:&quot;1.22.3&quot;}},&quot;sessionId&quot;:null,&quot;status&quot;:0}"/>
         <property name="katalonVersion" value="9.0.0.212"/>
         <property name="deviceOS" value="Android"/>
         <property name="appiumVersion" value="1.22.3"/>
         <property name="deviceModel" value="Android SDK built for x86"/>
         <property name="hostAddress" value="192.168.0.25"/>
         <property name="deviceManufacturer" value="unknown"/>
         <property name="deviceId" value="emulator-5554"/>
         <property name="deviceName" value="emulator-5554 (Android SDK built for x86 - Android 11)"/>
         <property name="deviceOSVersion" value="11"/>
      </properties>
      <testcase name="Test Cases/Checkout/TC - Search and Checkout" time="58.056" classname="Test Cases/Checkout/TC - Search and Checkout" status="FAILED">
         <failure type="FAILED" message="Test Cases/Checkout/TC - Search and Checkout FAILED.&#xa;Reason:&#xa;com.kms.katalon.core.exception.StepFailedException: Object Object Repository/Checkout/LinearLayout.EditPayment not found&#xa;	at com.kms.katalon.core.keyword.internal.KeywordMain.stepFailed(KeywordMain.groovy:51)&#xa;	at com.kms.katalon.core.mobile.keyword.internal.MobileKeywordMain.stepFailed(MobileKeywordMain.groovy:40)&#xa;	at com.kms.katalon.core.mobile.keyword.builtin.TapKeyword$_tap_closure1.doCall(TapKeyword.groovy:79)&#xa;	at com.kms.katalon.core.mobile.keyword.builtin.TapKeyword$_tap_closure1.call(TapKeyword.groovy)&#xa;	at com.kms.katalon.core.mobile.keyword.internal.MobileKeywordMain.runKeyword(MobileKeywordMain.groovy:21)&#xa;	at com.kms.katalon.core.mobile.keyword.builtin.TapKeyword.tap(TapKeyword.groovy:84)&#xa;	at com.kms.katalon.core.mobile.keyword.builtin.TapKeyword.execute(TapKeyword.groovy:68)&#xa;	at com.kms.katalon.core.keyword.internal.KeywordExecutor.executeKeywordForPlatform(KeywordExecutor.groovy:74)&#xa;	at com.kms.katalon.core.mobile.keyword.MobileBuiltInKeywords.tap(MobileBuiltInKeywords.groovy:1490)&#xa;	at TC - Search and Checkout.run(TC - Search and Checkout:56)&#xa;	at com.kms.katalon.core.main.ScriptEngine.run(ScriptEngine.java:194)&#xa;	at com.kms.katalon.core.main.ScriptEngine.runScriptAsRawText(ScriptEngine.java:119)&#xa;	at com.kms.katalon.core.main.TestCaseExecutor.runScript(TestCaseExecutor.java:448)&#xa;	at com.kms.katalon.core.main.TestCaseExecutor.doExecute(TestCaseExecutor.java:439)&#xa;	at com.kms.katalon.core.main.TestCaseExecutor.processExecutionPhase(TestCaseExecutor.java:418)&#xa;	at com.kms.katalon.core.main.TestCaseExecutor.accessMainPhase(TestCaseExecutor.java:410)&#xa;	at com.kms.katalon.core.main.TestCaseExecutor.execute(TestCaseExecutor.java:285)&#xa;	at com.kms.katalon.core.common.CommonExecutor.accessTestCaseMainPhase(CommonExecutor.java:65)&#xa;	at com.kms.katalon.core.main.TestSuiteExecutor.accessTestSuiteMainPhase(TestSuiteExecutor.java:148)&#xa;	at com.kms.katalon.core.main.TestSuiteExecutor.execute(TestSuiteExecutor.java:106)&#xa;	at com.kms.katalon.core.main.TestCaseMain.startTestSuite(TestCaseMain.java:187)&#xa;	at TempTestSuite1707836989616.run(TempTestSuite1707836989616.groovy:36)&#xa;	at java.base/jdk.internal.reflect.NativeMethodAccessorImpl.invoke0(Native Method)&#xa;	at java.base/jdk.internal.reflect.NativeMethodAccessorImpl.invoke(NativeMethodAccessorImpl.java:77)&#xa;	at java.base/jdk.internal.reflect.DelegatingMethodAccessorImpl.invoke(DelegatingMethodAccessorImpl.java:43)&#xa;"/>
         <system-out><![CDATA[2024-02-13 22:09:53 - [TEST_CASE][FAILED] - Test Cases/Checkout/TC - Search and Checkout: Test Cases/Checkout/TC - Search and Checkout FAILED.
Reason:
com.kms.katalon.core.exception.StepFailedException: Object Object Repository/Checkout/LinearLayout.EditPayment not found
	at com.kms.katalon.core.keyword.internal.KeywordMain.stepFailed(KeywordMain.groovy:51)
	at com.kms.katalon.core.mobile.keyword.internal.MobileKeywordMain.stepFailed(MobileKeywordMain.groovy:40)
	at com.kms.katalon.core.mobile.keyword.builtin.TapKeyword$_tap_closure1.doCall(TapKeyword.groovy:79)
	at com.kms.katalon.core.mobile.keyword.builtin.TapKeyword$_tap_closure1.call(TapKeyword.groovy)
	at com.kms.katalon.core.mobile.keyword.internal.MobileKeywordMain.runKeyword(MobileKeywordMain.groovy:21)
	at com.kms.katalon.core.mobile.keyword.builtin.TapKeyword.tap(TapKeyword.groovy:84)
	at com.kms.katalon.core.mobile.keyword.builtin.TapKeyword.execute(TapKeyword.groovy:68)
	at com.kms.katalon.core.keyword.internal.KeywordExecutor.executeKeywordForPlatform(KeywordExecutor.groovy:74)
	at com.kms.katalon.core.mobile.keyword.MobileBuiltInKeywords.tap(MobileBuiltInKeywords.groovy:1490)
	at TC - Search and Checkout.run(TC - Search and Checkout:56)
	at com.kms.katalon.core.main.ScriptEngine.run(ScriptEngine.java:194)
	at com.kms.katalon.core.main.ScriptEngine.runScriptAsRawText(ScriptEngine.java:119)
	at com.kms.katalon.core.main.TestCaseExecutor.runScript(TestCaseExecutor.java:448)
	at com.kms.katalon.core.main.TestCaseExecutor.doExecute(TestCaseExecutor.java:439)
	at com.kms.katalon.core.main.TestCaseExecutor.processExecutionPhase(TestCaseExecutor.java:418)
	at com.kms.katalon.core.main.TestCaseExecutor.accessMainPhase(TestCaseExecutor.java:410)
	at com.kms.katalon.core.main.TestCaseExecutor.execute(TestCaseExecutor.java:285)
	at com.kms.katalon.core.common.CommonExecutor.accessTestCaseMainPhase(CommonExecutor.java:65)
	at com.kms.katalon.core.main.TestSuiteExecutor.accessTestSuiteMainPhase(TestSuiteExecutor.java:148)
	at com.kms.katalon.core.main.TestSuiteExecutor.execute(TestSuiteExecutor.java:106)
	at com.kms.katalon.core.main.TestCaseMain.startTestSuite(TestCaseMain.java:187)
	at TempTestSuite1707836989616.run(TempTestSuite1707836989616.groovy:36)
	at java.base/jdk.internal.reflect.NativeMethodAccessorImpl.invoke0(Native Method)
	at java.base/jdk.internal.reflect.NativeMethodAccessorImpl.invoke(NativeMethodAccessorImpl.java:77)
	at java.base/jdk.internal.reflect.DelegatingMethodAccessorImpl.invoke(DelegatingMethodAccessorImpl.java:43)


2024-02-13 22:09:54 - [TEST_STEP][PASSED] - startApplication("D:\BFLP\Bootcamp\Materi\Advantage+demo+3.2.apk", true): Started app at: 'D:\BFLP\Bootcamp\Materi\Advantage+demo+3.2.apk'

2024-02-13 22:09:54 - [MESSAGE][INFO] - Detected NodeJS location: "C:\Program Files\nodejs\node.exe"

2024-02-13 22:09:55 - [MESSAGE][INFO] - Appium server started on port 54,193

2024-02-13 22:10:12 - [MESSAGE][PASSED] - Started app at: 'D:\BFLP\Bootcamp\Materi\Advantage+demo+3.2.apk'

2024-02-13 22:10:12 - [TEST_STEP][PASSED] - tap(findTestObject("Object Repository/Profile/Register/ImageView.BurgerButton"), 10): Tapped on element 'Object Repository/Profile/Register/ImageView.BurgerButton'

2024-02-13 22:10:13 - [MESSAGE][PASSED] - Tapped on element 'Object Repository/Profile/Register/ImageView.BurgerButton'

2024-02-13 22:10:13 - [TEST_STEP][PASSED] - tap(findTestObject("Object Repository/Profile/Register/LinearLayout.LoginButton"), 10): Tapped on element 'Object Repository/Profile/Register/LinearLayout.LoginButton'

2024-02-13 22:10:15 - [MESSAGE][PASSED] - Tapped on element 'Object Repository/Profile/Register/LinearLayout.LoginButton'

2024-02-13 22:10:15 - [TEST_STEP][PASSED] - tap(findTestObject("Object Repository/Profile/Login/RelativeLayout.Username"), 10): Tapped on element 'Object Repository/Profile/Login/RelativeLayout.Username'

2024-02-13 22:10:17 - [MESSAGE][PASSED] - Tapped on element 'Object Repository/Profile/Login/RelativeLayout.Username'

2024-02-13 22:10:17 - [TEST_STEP][PASSED] - setText(findTestObject("Object Repository/Profile/Login/EditText.Username"), "AquaBotol1", 10): Text 'AquaBotol1' has been set to element 'Object Repository/Profile/Login/EditText.Username'

2024-02-13 22:10:19 - [MESSAGE][PASSED] - Text 'AquaBotol1' has been set to element 'Object Repository/Profile/Login/EditText.Username'

2024-02-13 22:10:19 - [TEST_STEP][PASSED] - tap(findTestObject("Object Repository/Profile/Login/RelativeLayout.Password"), 10): Tapped on element 'Object Repository/Profile/Login/RelativeLayout.Password'

2024-02-13 22:10:21 - [MESSAGE][PASSED] - Tapped on element 'Object Repository/Profile/Login/RelativeLayout.Password'

2024-02-13 22:10:21 - [TEST_STEP][PASSED] - setText(findTestObject("Object Repository/Profile/Login/EditText.Password"), "AquaBotol1", 10): Text 'AquaBotol1' has been set to element 'Object Repository/Profile/Login/EditText.Password'

2024-02-13 22:10:22 - [MESSAGE][PASSED] - Text 'AquaBotol1' has been set to element 'Object Repository/Profile/Login/EditText.Password'

2024-02-13 22:10:22 - [TEST_STEP][PASSED] - tap(findTestObject("Object Repository/Profile/Login/Button.LOGIN"), 10): Tapped on element 'Object Repository/Profile/Login/Button.LOGIN'

2024-02-13 22:10:23 - [MESSAGE][PASSED] - Tapped on element 'Object Repository/Profile/Login/Button.LOGIN'

2024-02-13 22:10:23 - [TEST_STEP][PASSED] - tap(findTestObject("Object Repository/Profile/Register/ImageView.BurgerButton"), 10): Tapped on element 'Object Repository/Profile/Register/ImageView.BurgerButton'

2024-02-13 22:10:26 - [MESSAGE][PASSED] - Tapped on element 'Object Repository/Profile/Register/ImageView.BurgerButton'

2024-02-13 22:10:26 - [TEST_STEP][PASSED] - displayedUsername = getText(findTestObject("Object Repository/Profile/Register/TextView.Username"), 10): Text of element 'Object Repository/Profile/Register/TextView.Username' is: 'AquaBotol1'

2024-02-13 22:10:28 - [MESSAGE][PASSED] - Text of element 'Object Repository/Profile/Register/TextView.Username' is: 'AquaBotol1'

2024-02-13 22:10:28 - [TEST_STEP][PASSED] - assert displayedUsername.equalsIgnoreCase("AquaBotol1"): null

2024-02-13 22:10:28 - [TEST_STEP][PASSED] - tap(findTestObject("Object Repository/Checkout/ImageView.SearchButton"), 10): Tapped on element 'Object Repository/Checkout/ImageView.SearchButton'

2024-02-13 22:10:28 - [MESSAGE][PASSED] - Tapped on element 'Object Repository/Checkout/ImageView.SearchButton'

2024-02-13 22:10:28 - [TEST_STEP][PASSED] - setText(findTestObject("Object Repository/Checkout/EditText.Search"), "HP", 10): Text 'HP' has been set to element 'Object Repository/Checkout/EditText.Search'

2024-02-13 22:10:30 - [MESSAGE][PASSED] - Text 'HP' has been set to element 'Object Repository/Checkout/EditText.Search'

2024-02-13 22:10:30 - [TEST_STEP][PASSED] - tap(findTestObject("Object Repository/Checkout/ImageView.SearchGo"), 10): Tapped on element 'Object Repository/Checkout/ImageView.SearchGo'

2024-02-13 22:10:31 - [MESSAGE][PASSED] - Tapped on element 'Object Repository/Checkout/ImageView.SearchGo'

2024-02-13 22:10:31 - [TEST_STEP][PASSED] - tap(findTestObject("Object Repository/Checkout/RelativeLayout.SecondItem"), 10): Tapped on element 'Object Repository/Checkout/RelativeLayout.SecondItem'

2024-02-13 22:10:34 - [MESSAGE][PASSED] - Tapped on element 'Object Repository/Checkout/RelativeLayout.SecondItem'

2024-02-13 22:10:34 - [TEST_STEP][PASSED] - tap(findTestObject("Object Repository/Checkout/Button.AddToCart"), 10): Tapped on element 'Object Repository/Checkout/Button.AddToCart'

2024-02-13 22:10:35 - [MESSAGE][PASSED] - Tapped on element 'Object Repository/Checkout/Button.AddToCart'

2024-02-13 22:10:35 - [TEST_STEP][PASSED] - tap(findTestObject("Object Repository/Checkout/android.widget.ImageView"), 10): Tapped on element 'Object Repository/Checkout/android.widget.ImageView'

2024-02-13 22:10:38 - [MESSAGE][PASSED] - Tapped on element 'Object Repository/Checkout/android.widget.ImageView'

2024-02-13 22:10:38 - [TEST_STEP][PASSED] - tap(findTestObject("Object Repository/Checkout/android.widget.Button - CHECKOUT (PAY 13.99)"), 10): Tapped on element 'Object Repository/Checkout/android.widget.Button - CHECKOUT (PAY 13.99)'

2024-02-13 22:10:40 - [MESSAGE][PASSED] - Tapped on element 'Object Repository/Checkout/android.widget.Button - CHECKOUT (PAY 13.99)'

2024-02-13 22:10:40 - [TEST_STEP][FAILED] - tap(findTestObject("Object Repository/Checkout/LinearLayout.EditPayment"), 10): Failed to tap on element 'Object Repository/Checkout/LinearLayout.EditPayment' (Root cause: com.kms.katalon.core.exception.StepFailedException: Object Object Repository/Checkout/LinearLayout.EditPayment not found
	at com.kms.katalon.core.keyword.internal.KeywordMain.stepFailed(KeywordMain.groovy:51)
	at com.kms.katalon.core.mobile.keyword.internal.MobileKeywordMain.stepFailed(MobileKeywordMain.groovy:40)
	at com.kms.katalon.core.mobile.keyword.builtin.TapKeyword$_tap_closure1.doCall(TapKeyword.groovy:79)
	at com.kms.katalon.core.mobile.keyword.builtin.TapKeyword$_tap_closure1.call(TapKeyword.groovy)
	at com.kms.katalon.core.mobile.keyword.internal.MobileKeywordMain.runKeyword(MobileKeywordMain.groovy:21)
	at com.kms.katalon.core.mobile.keyword.builtin.TapKeyword.tap(TapKeyword.groovy:84)
	at com.kms.katalon.core.mobile.keyword.builtin.TapKeyword.execute(TapKeyword.groovy:68)
	at com.kms.katalon.core.keyword.internal.KeywordExecutor.executeKeywordForPlatform(KeywordExecutor.groovy:74)
	at com.kms.katalon.core.mobile.keyword.MobileBuiltInKeywords.tap(MobileBuiltInKeywords.groovy:1490)
	at TC - Search and Checkout.run(TC - Search and Checkout:56)
	at com.kms.katalon.core.main.ScriptEngine.run(ScriptEngine.java:194)
	at com.kms.katalon.core.main.ScriptEngine.runScriptAsRawText(ScriptEngine.java:119)
	at com.kms.katalon.core.main.TestCaseExecutor.runScript(TestCaseExecutor.java:448)
	at com.kms.katalon.core.main.TestCaseExecutor.doExecute(TestCaseExecutor.java:439)
	at com.kms.katalon.core.main.TestCaseExecutor.processExecutionPhase(TestCaseExecutor.java:418)
	at com.kms.katalon.core.main.TestCaseExecutor.accessMainPhase(TestCaseExecutor.java:410)
	at com.kms.katalon.core.main.TestCaseExecutor.execute(TestCaseExecutor.java:285)
	at com.kms.katalon.core.common.CommonExecutor.accessTestCaseMainPhase(CommonExecutor.java:65)
	at com.kms.katalon.core.main.TestSuiteExecutor.accessTestSuiteMainPhase(TestSuiteExecutor.java:148)
	at com.kms.katalon.core.main.TestSuiteExecutor.execute(TestSuiteExecutor.java:106)
	at com.kms.katalon.core.main.TestCaseMain.startTestSuite(TestCaseMain.java:187)
	at TempTestSuite1707836989616.run(TempTestSuite1707836989616.groovy:36)
	at java.base/jdk.internal.reflect.NativeMethodAccessorImpl.invoke0(Native Method)
	at java.base/jdk.internal.reflect.NativeMethodAccessorImpl.invoke(NativeMethodAccessorImpl.java:77)
	at java.base/jdk.internal.reflect.DelegatingMethodAccessorImpl.invoke(DelegatingMethodAccessorImpl.java:43)
)

2024-02-13 22:10:50 - [MESSAGE][FAILED] - Object Object Repository/Checkout/LinearLayout.EditPayment not found

2024-02-13 22:10:51 - [MESSAGE][FAILED] - Failed to tap on element 'Object Repository/Checkout/LinearLayout.EditPayment' (Root cause: com.kms.katalon.core.exception.StepFailedException: Object Object Repository/Checkout/LinearLayout.EditPayment not found
	at com.kms.katalon.core.keyword.internal.KeywordMain.stepFailed(KeywordMain.groovy:51)
	at com.kms.katalon.core.mobile.keyword.internal.MobileKeywordMain.stepFailed(MobileKeywordMain.groovy:40)
	at com.kms.katalon.core.mobile.keyword.builtin.TapKeyword$_tap_closure1.doCall(TapKeyword.groovy:79)
	at com.kms.katalon.core.mobile.keyword.builtin.TapKeyword$_tap_closure1.call(TapKeyword.groovy)
	at com.kms.katalon.core.mobile.keyword.internal.MobileKeywordMain.runKeyword(MobileKeywordMain.groovy:21)
	at com.kms.katalon.core.mobile.keyword.builtin.TapKeyword.tap(TapKeyword.groovy:84)
	at com.kms.katalon.core.mobile.keyword.builtin.TapKeyword.execute(TapKeyword.groovy:68)
	at com.kms.katalon.core.keyword.internal.KeywordExecutor.executeKeywordForPlatform(KeywordExecutor.groovy:74)
	at com.kms.katalon.core.mobile.keyword.MobileBuiltInKeywords.tap(MobileBuiltInKeywords.groovy:1490)
	at TC - Search and Checkout.run(TC - Search and Checkout:56)
	at com.kms.katalon.core.main.ScriptEngine.run(ScriptEngine.java:194)
	at com.kms.katalon.core.main.ScriptEngine.runScriptAsRawText(ScriptEngine.java:119)
	at com.kms.katalon.core.main.TestCaseExecutor.runScript(TestCaseExecutor.java:448)
	at com.kms.katalon.core.main.TestCaseExecutor.doExecute(TestCaseExecutor.java:439)
	at com.kms.katalon.core.main.TestCaseExecutor.processExecutionPhase(TestCaseExecutor.java:418)
	at com.kms.katalon.core.main.TestCaseExecutor.accessMainPhase(TestCaseExecutor.java:410)
	at com.kms.katalon.core.main.TestCaseExecutor.execute(TestCaseExecutor.java:285)
	at com.kms.katalon.core.common.CommonExecutor.accessTestCaseMainPhase(CommonExecutor.java:65)
	at com.kms.katalon.core.main.TestSuiteExecutor.accessTestSuiteMainPhase(TestSuiteExecutor.java:148)
	at com.kms.katalon.core.main.TestSuiteExecutor.execute(TestSuiteExecutor.java:106)
	at com.kms.katalon.core.main.TestCaseMain.startTestSuite(TestCaseMain.java:187)
	at TempTestSuite1707836989616.run(TempTestSuite1707836989616.groovy:36)
	at java.base/jdk.internal.reflect.NativeMethodAccessorImpl.invoke0(Native Method)
	at java.base/jdk.internal.reflect.NativeMethodAccessorImpl.invoke(NativeMethodAccessorImpl.java:77)
	at java.base/jdk.internal.reflect.DelegatingMethodAccessorImpl.invoke(DelegatingMethodAccessorImpl.java:43)
)
[[ATTACHMENT|C:\\Users\\CIkal\\git\\katalon-finalmobile-RajasaCikal\\Reports\\20240213_220949\\Checkout\\20240213_220949\\1707837050488.png]]]]></system-out>
         <system-err><![CDATA[2024-02-13 22:09:53 - [TEST_CASE][FAILED] - Test Cases/Checkout/TC - Search and Checkout: Test Cases/Checkout/TC - Search and Checkout FAILED.
Reason:
com.kms.katalon.core.exception.StepFailedException: Object Object Repository/Checkout/LinearLayout.EditPayment not found
	at com.kms.katalon.core.keyword.internal.KeywordMain.stepFailed(KeywordMain.groovy:51)
	at com.kms.katalon.core.mobile.keyword.internal.MobileKeywordMain.stepFailed(MobileKeywordMain.groovy:40)
	at com.kms.katalon.core.mobile.keyword.builtin.TapKeyword$_tap_closure1.doCall(TapKeyword.groovy:79)
	at com.kms.katalon.core.mobile.keyword.builtin.TapKeyword$_tap_closure1.call(TapKeyword.groovy)
	at com.kms.katalon.core.mobile.keyword.internal.MobileKeywordMain.runKeyword(MobileKeywordMain.groovy:21)
	at com.kms.katalon.core.mobile.keyword.builtin.TapKeyword.tap(TapKeyword.groovy:84)
	at com.kms.katalon.core.mobile.keyword.builtin.TapKeyword.execute(TapKeyword.groovy:68)
	at com.kms.katalon.core.keyword.internal.KeywordExecutor.executeKeywordForPlatform(KeywordExecutor.groovy:74)
	at com.kms.katalon.core.mobile.keyword.MobileBuiltInKeywords.tap(MobileBuiltInKeywords.groovy:1490)
	at TC - Search and Checkout.run(TC - Search and Checkout:56)
	at com.kms.katalon.core.main.ScriptEngine.run(ScriptEngine.java:194)
	at com.kms.katalon.core.main.ScriptEngine.runScriptAsRawText(ScriptEngine.java:119)
	at com.kms.katalon.core.main.TestCaseExecutor.runScript(TestCaseExecutor.java:448)
	at com.kms.katalon.core.main.TestCaseExecutor.doExecute(TestCaseExecutor.java:439)
	at com.kms.katalon.core.main.TestCaseExecutor.processExecutionPhase(TestCaseExecutor.java:418)
	at com.kms.katalon.core.main.TestCaseExecutor.accessMainPhase(TestCaseExecutor.java:410)
	at com.kms.katalon.core.main.TestCaseExecutor.execute(TestCaseExecutor.java:285)
	at com.kms.katalon.core.common.CommonExecutor.accessTestCaseMainPhase(CommonExecutor.java:65)
	at com.kms.katalon.core.main.TestSuiteExecutor.accessTestSuiteMainPhase(TestSuiteExecutor.java:148)
	at com.kms.katalon.core.main.TestSuiteExecutor.execute(TestSuiteExecutor.java:106)
	at com.kms.katalon.core.main.TestCaseMain.startTestSuite(TestCaseMain.java:187)
	at TempTestSuite1707836989616.run(TempTestSuite1707836989616.groovy:36)
	at java.base/jdk.internal.reflect.NativeMethodAccessorImpl.invoke0(Native Method)
	at java.base/jdk.internal.reflect.NativeMethodAccessorImpl.invoke(NativeMethodAccessorImpl.java:77)
	at java.base/jdk.internal.reflect.DelegatingMethodAccessorImpl.invoke(DelegatingMethodAccessorImpl.java:43)]]></system-err>
      </testcase>
      <testcase name="Test Cases/Checkout/TC - Search Item" time="17.68" classname="Test Cases/Checkout/TC - Search Item" status="PASSED">
         <system-out><![CDATA[2024-02-13 22:10:51 - [TEST_CASE][PASSED] - Test Cases/Checkout/TC - Search Item: Test Cases/Checkout/TC - Search Item

2024-02-13 22:10:51 - [TEST_STEP][PASSED] - startApplication("D:\BFLP\Bootcamp\Materi\Advantage+demo+3.2.apk", true): Started app at: 'D:\BFLP\Bootcamp\Materi\Advantage+demo+3.2.apk'

2024-02-13 22:11:03 - [MESSAGE][PASSED] - Started app at: 'D:\BFLP\Bootcamp\Materi\Advantage+demo+3.2.apk'

2024-02-13 22:11:03 - [TEST_STEP][PASSED] - tap(findTestObject("Object Repository/Checkout/ImageView.SearchButton"), 10): Tapped on element 'Object Repository/Checkout/ImageView.SearchButton'

2024-02-13 22:11:03 - [MESSAGE][PASSED] - Tapped on element 'Object Repository/Checkout/ImageView.SearchButton'

2024-02-13 22:11:03 - [TEST_STEP][PASSED] - setText(findTestObject("Object Repository/Checkout/EditText.Search"), item, 10): Text 'HP' has been set to element 'Object Repository/Checkout/EditText.Search'

2024-02-13 22:11:06 - [MESSAGE][PASSED] - Text 'HP' has been set to element 'Object Repository/Checkout/EditText.Search'

2024-02-13 22:11:06 - [TEST_STEP][PASSED] - tap(findTestObject("Object Repository/Checkout/ImageView.SearchGo"), 10): Tapped on element 'Object Repository/Checkout/ImageView.SearchGo'

2024-02-13 22:11:07 - [MESSAGE][PASSED] - Tapped on element 'Object Repository/Checkout/ImageView.SearchGo'

2024-02-13 22:11:07 - [TEST_STEP][PASSED] - closeApplication(): Close app successfully

2024-02-13 22:11:09 - [MESSAGE][PASSED] - Close app successfully]]></system-out>
         <system-err><![CDATA[]]></system-err>
      </testcase>
      <testcase name="Test Cases/Checkout/TC - Search Item" time="24.771" classname="Test Cases/Checkout/TC - Search Item" status="PASSED">
         <system-out><![CDATA[2024-02-13 22:11:09 - [TEST_CASE][PASSED] - Test Cases/Checkout/TC - Search Item: Test Cases/Checkout/TC - Search Item

2024-02-13 22:11:09 - [TEST_STEP][PASSED] - startApplication("D:\BFLP\Bootcamp\Materi\Advantage+demo+3.2.apk", true): Started app at: 'D:\BFLP\Bootcamp\Materi\Advantage+demo+3.2.apk'

2024-02-13 22:11:10 - [MESSAGE][INFO] - Detected NodeJS location: "C:\Program Files\nodejs\node.exe"

2024-02-13 22:11:11 - [MESSAGE][INFO] - Appium server started on port 54,603

2024-02-13 22:11:25 - [MESSAGE][PASSED] - Started app at: 'D:\BFLP\Bootcamp\Materi\Advantage+demo+3.2.apk'

2024-02-13 22:11:25 - [TEST_STEP][PASSED] - tap(findTestObject("Object Repository/Checkout/ImageView.SearchButton"), 10): Tapped on element 'Object Repository/Checkout/ImageView.SearchButton'

2024-02-13 22:11:26 - [MESSAGE][PASSED] - Tapped on element 'Object Repository/Checkout/ImageView.SearchButton'

2024-02-13 22:11:26 - [TEST_STEP][PASSED] - setText(findTestObject("Object Repository/Checkout/EditText.Search"), item, 10): Text 'BOSE' has been set to element 'Object Repository/Checkout/EditText.Search'

2024-02-13 22:11:30 - [MESSAGE][PASSED] - Text 'BOSE' has been set to element 'Object Repository/Checkout/EditText.Search'

2024-02-13 22:11:30 - [TEST_STEP][PASSED] - tap(findTestObject("Object Repository/Checkout/ImageView.SearchGo"), 10): Tapped on element 'Object Repository/Checkout/ImageView.SearchGo'

2024-02-13 22:11:31 - [MESSAGE][PASSED] - Tapped on element 'Object Repository/Checkout/ImageView.SearchGo'

2024-02-13 22:11:31 - [TEST_STEP][PASSED] - closeApplication(): Close app successfully

2024-02-13 22:11:34 - [MESSAGE][PASSED] - Close app successfully]]></system-out>
         <system-err><![CDATA[]]></system-err>
      </testcase>
      <testcase name="Test Cases/Checkout/TC - Search Item" time="29.75" classname="Test Cases/Checkout/TC - Search Item" status="FAILED">
         <failure type="FAILED" message="Test Cases/Checkout/TC - Search Item FAILED.&#xa;Reason:&#xa;com.kms.katalon.core.exception.StepFailedException: Object Object Repository/Checkout/EditText.Search not found&#xa;	at com.kms.katalon.core.keyword.internal.KeywordMain.stepFailed(KeywordMain.groovy:51)&#xa;	at com.kms.katalon.core.mobile.keyword.internal.MobileKeywordMain.stepFailed(MobileKeywordMain.groovy:40)&#xa;	at com.kms.katalon.core.mobile.keyword.builtin.SetTextKeyword$_setText_closure1.doCall(SetTextKeyword.groovy:76)&#xa;	at com.kms.katalon.core.mobile.keyword.builtin.SetTextKeyword$_setText_closure1.call(SetTextKeyword.groovy)&#xa;	at com.kms.katalon.core.mobile.keyword.internal.MobileKeywordMain.runKeyword(MobileKeywordMain.groovy:21)&#xa;	at com.kms.katalon.core.mobile.keyword.builtin.SetTextKeyword.setText(SetTextKeyword.groovy:83)&#xa;	at com.kms.katalon.core.mobile.keyword.builtin.SetTextKeyword.execute(SetTextKeyword.groovy:66)&#xa;	at com.kms.katalon.core.keyword.internal.KeywordExecutor.executeKeywordForPlatform(KeywordExecutor.groovy:74)&#xa;	at com.kms.katalon.core.mobile.keyword.MobileBuiltInKeywords.setText(MobileBuiltInKeywords.groovy:1307)&#xa;	at TC - Search Item.run(TC - Search Item:24)&#xa;	at com.kms.katalon.core.main.ScriptEngine.run(ScriptEngine.java:194)&#xa;	at com.kms.katalon.core.main.ScriptEngine.runScriptAsRawText(ScriptEngine.java:119)&#xa;	at com.kms.katalon.core.main.TestCaseExecutor.runScript(TestCaseExecutor.java:448)&#xa;	at com.kms.katalon.core.main.TestCaseExecutor.doExecute(TestCaseExecutor.java:439)&#xa;	at com.kms.katalon.core.main.TestCaseExecutor.processExecutionPhase(TestCaseExecutor.java:418)&#xa;	at com.kms.katalon.core.main.TestCaseExecutor.accessMainPhase(TestCaseExecutor.java:410)&#xa;	at com.kms.katalon.core.main.TestCaseExecutor.execute(TestCaseExecutor.java:285)&#xa;	at com.kms.katalon.core.common.CommonExecutor.accessTestCaseMainPhase(CommonExecutor.java:65)&#xa;	at com.kms.katalon.core.main.TestSuiteExecutor.accessTestSuiteMainPhase(TestSuiteExecutor.java:148)&#xa;	at com.kms.katalon.core.main.TestSuiteExecutor.execute(TestSuiteExecutor.java:106)&#xa;	at com.kms.katalon.core.main.TestCaseMain.startTestSuite(TestCaseMain.java:187)&#xa;	at TempTestSuite1707836989616.run(TempTestSuite1707836989616.groovy:36)&#xa;	at java.base/jdk.internal.reflect.NativeMethodAccessorImpl.invoke0(Native Method)&#xa;	at java.base/jdk.internal.reflect.NativeMethodAccessorImpl.invoke(NativeMethodAccessorImpl.java:77)&#xa;	at java.base/jdk.internal.reflect.DelegatingMethodAccessorImpl.invoke(DelegatingMethodAccessorImpl.java:43)&#xa;"/>
         <system-out><![CDATA[2024-02-13 22:11:34 - [TEST_CASE][FAILED] - Test Cases/Checkout/TC - Search Item: Test Cases/Checkout/TC - Search Item FAILED.
Reason:
com.kms.katalon.core.exception.StepFailedException: Object Object Repository/Checkout/EditText.Search not found
	at com.kms.katalon.core.keyword.internal.KeywordMain.stepFailed(KeywordMain.groovy:51)
	at com.kms.katalon.core.mobile.keyword.internal.MobileKeywordMain.stepFailed(MobileKeywordMain.groovy:40)
	at com.kms.katalon.core.mobile.keyword.builtin.SetTextKeyword$_setText_closure1.doCall(SetTextKeyword.groovy:76)
	at com.kms.katalon.core.mobile.keyword.builtin.SetTextKeyword$_setText_closure1.call(SetTextKeyword.groovy)
	at com.kms.katalon.core.mobile.keyword.internal.MobileKeywordMain.runKeyword(MobileKeywordMain.groovy:21)
	at com.kms.katalon.core.mobile.keyword.builtin.SetTextKeyword.setText(SetTextKeyword.groovy:83)
	at com.kms.katalon.core.mobile.keyword.builtin.SetTextKeyword.execute(SetTextKeyword.groovy:66)
	at com.kms.katalon.core.keyword.internal.KeywordExecutor.executeKeywordForPlatform(KeywordExecutor.groovy:74)
	at com.kms.katalon.core.mobile.keyword.MobileBuiltInKeywords.setText(MobileBuiltInKeywords.groovy:1307)
	at TC - Search Item.run(TC - Search Item:24)
	at com.kms.katalon.core.main.ScriptEngine.run(ScriptEngine.java:194)
	at com.kms.katalon.core.main.ScriptEngine.runScriptAsRawText(ScriptEngine.java:119)
	at com.kms.katalon.core.main.TestCaseExecutor.runScript(TestCaseExecutor.java:448)
	at com.kms.katalon.core.main.TestCaseExecutor.doExecute(TestCaseExecutor.java:439)
	at com.kms.katalon.core.main.TestCaseExecutor.processExecutionPhase(TestCaseExecutor.java:418)
	at com.kms.katalon.core.main.TestCaseExecutor.accessMainPhase(TestCaseExecutor.java:410)
	at com.kms.katalon.core.main.TestCaseExecutor.execute(TestCaseExecutor.java:285)
	at com.kms.katalon.core.common.CommonExecutor.accessTestCaseMainPhase(CommonExecutor.java:65)
	at com.kms.katalon.core.main.TestSuiteExecutor.accessTestSuiteMainPhase(TestSuiteExecutor.java:148)
	at com.kms.katalon.core.main.TestSuiteExecutor.execute(TestSuiteExecutor.java:106)
	at com.kms.katalon.core.main.TestCaseMain.startTestSuite(TestCaseMain.java:187)
	at TempTestSuite1707836989616.run(TempTestSuite1707836989616.groovy:36)
	at java.base/jdk.internal.reflect.NativeMethodAccessorImpl.invoke0(Native Method)
	at java.base/jdk.internal.reflect.NativeMethodAccessorImpl.invoke(NativeMethodAccessorImpl.java:77)
	at java.base/jdk.internal.reflect.DelegatingMethodAccessorImpl.invoke(DelegatingMethodAccessorImpl.java:43)


2024-02-13 22:11:34 - [TEST_STEP][PASSED] - startApplication("D:\BFLP\Bootcamp\Materi\Advantage+demo+3.2.apk", true): Started app at: 'D:\BFLP\Bootcamp\Materi\Advantage+demo+3.2.apk'

2024-02-13 22:11:34 - [MESSAGE][INFO] - Detected NodeJS location: "C:\Program Files\nodejs\node.exe"

2024-02-13 22:11:36 - [MESSAGE][INFO] - Appium server started on port 54,809

2024-02-13 22:11:52 - [MESSAGE][PASSED] - Started app at: 'D:\BFLP\Bootcamp\Materi\Advantage+demo+3.2.apk'

2024-02-13 22:11:52 - [TEST_STEP][PASSED] - tap(findTestObject("Object Repository/Checkout/ImageView.SearchButton"), 10): Tapped on element 'Object Repository/Checkout/ImageView.SearchButton'

2024-02-13 22:11:53 - [MESSAGE][PASSED] - Tapped on element 'Object Repository/Checkout/ImageView.SearchButton'

2024-02-13 22:11:53 - [TEST_STEP][FAILED] - setText(findTestObject("Object Repository/Checkout/EditText.Search"), item, 10): Failed to set text into element (Root cause: com.kms.katalon.core.exception.StepFailedException: Object Object Repository/Checkout/EditText.Search not found
	at com.kms.katalon.core.keyword.internal.KeywordMain.stepFailed(KeywordMain.groovy:51)
	at com.kms.katalon.core.mobile.keyword.internal.MobileKeywordMain.stepFailed(MobileKeywordMain.groovy:40)
	at com.kms.katalon.core.mobile.keyword.builtin.SetTextKeyword$_setText_closure1.doCall(SetTextKeyword.groovy:76)
	at com.kms.katalon.core.mobile.keyword.builtin.SetTextKeyword$_setText_closure1.call(SetTextKeyword.groovy)
	at com.kms.katalon.core.mobile.keyword.internal.MobileKeywordMain.runKeyword(MobileKeywordMain.groovy:21)
	at com.kms.katalon.core.mobile.keyword.builtin.SetTextKeyword.setText(SetTextKeyword.groovy:83)
	at com.kms.katalon.core.mobile.keyword.builtin.SetTextKeyword.execute(SetTextKeyword.groovy:66)
	at com.kms.katalon.core.keyword.internal.KeywordExecutor.executeKeywordForPlatform(KeywordExecutor.groovy:74)
	at com.kms.katalon.core.mobile.keyword.MobileBuiltInKeywords.setText(MobileBuiltInKeywords.groovy:1307)
	at TC - Search Item.run(TC - Search Item:24)
	at com.kms.katalon.core.main.ScriptEngine.run(ScriptEngine.java:194)
	at com.kms.katalon.core.main.ScriptEngine.runScriptAsRawText(ScriptEngine.java:119)
	at com.kms.katalon.core.main.TestCaseExecutor.runScript(TestCaseExecutor.java:448)
	at com.kms.katalon.core.main.TestCaseExecutor.doExecute(TestCaseExecutor.java:439)
	at com.kms.katalon.core.main.TestCaseExecutor.processExecutionPhase(TestCaseExecutor.java:418)
	at com.kms.katalon.core.main.TestCaseExecutor.accessMainPhase(TestCaseExecutor.java:410)
	at com.kms.katalon.core.main.TestCaseExecutor.execute(TestCaseExecutor.java:285)
	at com.kms.katalon.core.common.CommonExecutor.accessTestCaseMainPhase(CommonExecutor.java:65)
	at com.kms.katalon.core.main.TestSuiteExecutor.accessTestSuiteMainPhase(TestSuiteExecutor.java:148)
	at com.kms.katalon.core.main.TestSuiteExecutor.execute(TestSuiteExecutor.java:106)
	at com.kms.katalon.core.main.TestCaseMain.startTestSuite(TestCaseMain.java:187)
	at TempTestSuite1707836989616.run(TempTestSuite1707836989616.groovy:36)
	at java.base/jdk.internal.reflect.NativeMethodAccessorImpl.invoke0(Native Method)
	at java.base/jdk.internal.reflect.NativeMethodAccessorImpl.invoke(NativeMethodAccessorImpl.java:77)
	at java.base/jdk.internal.reflect.DelegatingMethodAccessorImpl.invoke(DelegatingMethodAccessorImpl.java:43)
)

2024-02-13 22:12:03 - [MESSAGE][FAILED] - Object Object Repository/Checkout/EditText.Search not found

2024-02-13 22:12:04 - [MESSAGE][FAILED] - Failed to set text into element (Root cause: com.kms.katalon.core.exception.StepFailedException: Object Object Repository/Checkout/EditText.Search not found
	at com.kms.katalon.core.keyword.internal.KeywordMain.stepFailed(KeywordMain.groovy:51)
	at com.kms.katalon.core.mobile.keyword.internal.MobileKeywordMain.stepFailed(MobileKeywordMain.groovy:40)
	at com.kms.katalon.core.mobile.keyword.builtin.SetTextKeyword$_setText_closure1.doCall(SetTextKeyword.groovy:76)
	at com.kms.katalon.core.mobile.keyword.builtin.SetTextKeyword$_setText_closure1.call(SetTextKeyword.groovy)
	at com.kms.katalon.core.mobile.keyword.internal.MobileKeywordMain.runKeyword(MobileKeywordMain.groovy:21)
	at com.kms.katalon.core.mobile.keyword.builtin.SetTextKeyword.setText(SetTextKeyword.groovy:83)
	at com.kms.katalon.core.mobile.keyword.builtin.SetTextKeyword.execute(SetTextKeyword.groovy:66)
	at com.kms.katalon.core.keyword.internal.KeywordExecutor.executeKeywordForPlatform(KeywordExecutor.groovy:74)
	at com.kms.katalon.core.mobile.keyword.MobileBuiltInKeywords.setText(MobileBuiltInKeywords.groovy:1307)
	at TC - Search Item.run(TC - Search Item:24)
	at com.kms.katalon.core.main.ScriptEngine.run(ScriptEngine.java:194)
	at com.kms.katalon.core.main.ScriptEngine.runScriptAsRawText(ScriptEngine.java:119)
	at com.kms.katalon.core.main.TestCaseExecutor.runScript(TestCaseExecutor.java:448)
	at com.kms.katalon.core.main.TestCaseExecutor.doExecute(TestCaseExecutor.java:439)
	at com.kms.katalon.core.main.TestCaseExecutor.processExecutionPhase(TestCaseExecutor.java:418)
	at com.kms.katalon.core.main.TestCaseExecutor.accessMainPhase(TestCaseExecutor.java:410)
	at com.kms.katalon.core.main.TestCaseExecutor.execute(TestCaseExecutor.java:285)
	at com.kms.katalon.core.common.CommonExecutor.accessTestCaseMainPhase(CommonExecutor.java:65)
	at com.kms.katalon.core.main.TestSuiteExecutor.accessTestSuiteMainPhase(TestSuiteExecutor.java:148)
	at com.kms.katalon.core.main.TestSuiteExecutor.execute(TestSuiteExecutor.java:106)
	at com.kms.katalon.core.main.TestCaseMain.startTestSuite(TestCaseMain.java:187)
	at TempTestSuite1707836989616.run(TempTestSuite1707836989616.groovy:36)
	at java.base/jdk.internal.reflect.NativeMethodAccessorImpl.invoke0(Native Method)
	at java.base/jdk.internal.reflect.NativeMethodAccessorImpl.invoke(NativeMethodAccessorImpl.java:77)
	at java.base/jdk.internal.reflect.DelegatingMethodAccessorImpl.invoke(DelegatingMethodAccessorImpl.java:43)
)
[[ATTACHMENT|C:\\Users\\CIkal\\git\\katalon-finalmobile-RajasaCikal\\Reports\\20240213_220949\\Checkout\\20240213_220949\\1707837123271.png]]]]></system-out>
         <system-err><![CDATA[2024-02-13 22:11:34 - [TEST_CASE][FAILED] - Test Cases/Checkout/TC - Search Item: Test Cases/Checkout/TC - Search Item FAILED.
Reason:
com.kms.katalon.core.exception.StepFailedException: Object Object Repository/Checkout/EditText.Search not found
	at com.kms.katalon.core.keyword.internal.KeywordMain.stepFailed(KeywordMain.groovy:51)
	at com.kms.katalon.core.mobile.keyword.internal.MobileKeywordMain.stepFailed(MobileKeywordMain.groovy:40)
	at com.kms.katalon.core.mobile.keyword.builtin.SetTextKeyword$_setText_closure1.doCall(SetTextKeyword.groovy:76)
	at com.kms.katalon.core.mobile.keyword.builtin.SetTextKeyword$_setText_closure1.call(SetTextKeyword.groovy)
	at com.kms.katalon.core.mobile.keyword.internal.MobileKeywordMain.runKeyword(MobileKeywordMain.groovy:21)
	at com.kms.katalon.core.mobile.keyword.builtin.SetTextKeyword.setText(SetTextKeyword.groovy:83)
	at com.kms.katalon.core.mobile.keyword.builtin.SetTextKeyword.execute(SetTextKeyword.groovy:66)
	at com.kms.katalon.core.keyword.internal.KeywordExecutor.executeKeywordForPlatform(KeywordExecutor.groovy:74)
	at com.kms.katalon.core.mobile.keyword.MobileBuiltInKeywords.setText(MobileBuiltInKeywords.groovy:1307)
	at TC - Search Item.run(TC - Search Item:24)
	at com.kms.katalon.core.main.ScriptEngine.run(ScriptEngine.java:194)
	at com.kms.katalon.core.main.ScriptEngine.runScriptAsRawText(ScriptEngine.java:119)
	at com.kms.katalon.core.main.TestCaseExecutor.runScript(TestCaseExecutor.java:448)
	at com.kms.katalon.core.main.TestCaseExecutor.doExecute(TestCaseExecutor.java:439)
	at com.kms.katalon.core.main.TestCaseExecutor.processExecutionPhase(TestCaseExecutor.java:418)
	at com.kms.katalon.core.main.TestCaseExecutor.accessMainPhase(TestCaseExecutor.java:410)
	at com.kms.katalon.core.main.TestCaseExecutor.execute(TestCaseExecutor.java:285)
	at com.kms.katalon.core.common.CommonExecutor.accessTestCaseMainPhase(CommonExecutor.java:65)
	at com.kms.katalon.core.main.TestSuiteExecutor.accessTestSuiteMainPhase(TestSuiteExecutor.java:148)
	at com.kms.katalon.core.main.TestSuiteExecutor.execute(TestSuiteExecutor.java:106)
	at com.kms.katalon.core.main.TestCaseMain.startTestSuite(TestCaseMain.java:187)
	at TempTestSuite1707836989616.run(TempTestSuite1707836989616.groovy:36)
	at java.base/jdk.internal.reflect.NativeMethodAccessorImpl.invoke0(Native Method)
	at java.base/jdk.internal.reflect.NativeMethodAccessorImpl.invoke(NativeMethodAccessorImpl.java:77)
	at java.base/jdk.internal.reflect.DelegatingMethodAccessorImpl.invoke(DelegatingMethodAccessorImpl.java:43)]]></system-err>
      </testcase>
      <system-out><![CDATA[2024-02-13 22:09:53 - [TEST_SUITE][FAILED] - Checkout: Test Cases/Checkout/TC - Search and Checkout FAILED.
Reason:
com.kms.katalon.core.exception.StepFailedException: Object Object Repository/Checkout/LinearLayout.EditPayment not found
	at com.kms.katalon.core.keyword.internal.KeywordMain.stepFailed(KeywordMain.groovy:51)
	at com.kms.katalon.core.mobile.keyword.internal.MobileKeywordMain.stepFailed(MobileKeywordMain.groovy:40)
	at com.kms.katalon.core.mobile.keyword.builtin.TapKeyword$_tap_closure1.doCall(TapKeyword.groovy:79)
	at com.kms.katalon.core.mobile.keyword.builtin.TapKeyword$_tap_closure1.call(TapKeyword.groovy)
	at com.kms.katalon.core.mobile.keyword.internal.MobileKeywordMain.runKeyword(MobileKeywordMain.groovy:21)
	at com.kms.katalon.core.mobile.keyword.builtin.TapKeyword.tap(TapKeyword.groovy:84)
	at com.kms.katalon.core.mobile.keyword.builtin.TapKeyword.execute(TapKeyword.groovy:68)
	at com.kms.katalon.core.keyword.internal.KeywordExecutor.executeKeywordForPlatform(KeywordExecutor.groovy:74)
	at com.kms.katalon.core.mobile.keyword.MobileBuiltInKeywords.tap(MobileBuiltInKeywords.groovy:1490)
	at TC - Search and Checkout.run(TC - Search and Checkout:56)
	at com.kms.katalon.core.main.ScriptEngine.run(ScriptEngine.java:194)
	at com.kms.katalon.core.main.ScriptEngine.runScriptAsRawText(ScriptEngine.java:119)
	at com.kms.katalon.core.main.TestCaseExecutor.runScript(TestCaseExecutor.java:448)
	at com.kms.katalon.core.main.TestCaseExecutor.doExecute(TestCaseExecutor.java:439)
	at com.kms.katalon.core.main.TestCaseExecutor.processExecutionPhase(TestCaseExecutor.java:418)
	at com.kms.katalon.core.main.TestCaseExecutor.accessMainPhase(TestCaseExecutor.java:410)
	at com.kms.katalon.core.main.TestCaseExecutor.execute(TestCaseExecutor.java:285)
	at com.kms.katalon.core.common.CommonExecutor.accessTestCaseMainPhase(CommonExecutor.java:65)
	at com.kms.katalon.core.main.TestSuiteExecutor.accessTestSuiteMainPhase(TestSuiteExecutor.java:148)
	at com.kms.katalon.core.main.TestSuiteExecutor.execute(TestSuiteExecutor.java:106)
	at com.kms.katalon.core.main.TestCaseMain.startTestSuite(TestCaseMain.java:187)
	at TempTestSuite1707836989616.run(TempTestSuite1707836989616.groovy:36)
	at java.base/jdk.internal.reflect.NativeMethodAccessorImpl.invoke0(Native Method)
	at java.base/jdk.internal.reflect.NativeMethodAccessorImpl.invoke(NativeMethodAccessorImpl.java:77)
	at java.base/jdk.internal.reflect.DelegatingMethodAccessorImpl.invoke(DelegatingMethodAccessorImpl.java:43)]]></system-out>
      <system-err><![CDATA[2024-02-13 22:09:53 - [TEST_SUITE][FAILED] - Checkout: Test Cases/Checkout/TC - Search and Checkout FAILED.
Reason:
com.kms.katalon.core.exception.StepFailedException: Object Object Repository/Checkout/LinearLayout.EditPayment not found
	at com.kms.katalon.core.keyword.internal.KeywordMain.stepFailed(KeywordMain.groovy:51)
	at com.kms.katalon.core.mobile.keyword.internal.MobileKeywordMain.stepFailed(MobileKeywordMain.groovy:40)
	at com.kms.katalon.core.mobile.keyword.builtin.TapKeyword$_tap_closure1.doCall(TapKeyword.groovy:79)
	at com.kms.katalon.core.mobile.keyword.builtin.TapKeyword$_tap_closure1.call(TapKeyword.groovy)
	at com.kms.katalon.core.mobile.keyword.internal.MobileKeywordMain.runKeyword(MobileKeywordMain.groovy:21)
	at com.kms.katalon.core.mobile.keyword.builtin.TapKeyword.tap(TapKeyword.groovy:84)
	at com.kms.katalon.core.mobile.keyword.builtin.TapKeyword.execute(TapKeyword.groovy:68)
	at com.kms.katalon.core.keyword.internal.KeywordExecutor.executeKeywordForPlatform(KeywordExecutor.groovy:74)
	at com.kms.katalon.core.mobile.keyword.MobileBuiltInKeywords.tap(MobileBuiltInKeywords.groovy:1490)
	at TC - Search and Checkout.run(TC - Search and Checkout:56)
	at com.kms.katalon.core.main.ScriptEngine.run(ScriptEngine.java:194)
	at com.kms.katalon.core.main.ScriptEngine.runScriptAsRawText(ScriptEngine.java:119)
	at com.kms.katalon.core.main.TestCaseExecutor.runScript(TestCaseExecutor.java:448)
	at com.kms.katalon.core.main.TestCaseExecutor.doExecute(TestCaseExecutor.java:439)
	at com.kms.katalon.core.main.TestCaseExecutor.processExecutionPhase(TestCaseExecutor.java:418)
	at com.kms.katalon.core.main.TestCaseExecutor.accessMainPhase(TestCaseExecutor.java:410)
	at com.kms.katalon.core.main.TestCaseExecutor.execute(TestCaseExecutor.java:285)
	at com.kms.katalon.core.common.CommonExecutor.accessTestCaseMainPhase(CommonExecutor.java:65)
	at com.kms.katalon.core.main.TestSuiteExecutor.accessTestSuiteMainPhase(TestSuiteExecutor.java:148)
	at com.kms.katalon.core.main.TestSuiteExecutor.execute(TestSuiteExecutor.java:106)
	at com.kms.katalon.core.main.TestCaseMain.startTestSuite(TestCaseMain.java:187)
	at TempTestSuite1707836989616.run(TempTestSuite1707836989616.groovy:36)
	at java.base/jdk.internal.reflect.NativeMethodAccessorImpl.invoke0(Native Method)
	at java.base/jdk.internal.reflect.NativeMethodAccessorImpl.invoke(NativeMethodAccessorImpl.java:77)
	at java.base/jdk.internal.reflect.DelegatingMethodAccessorImpl.invoke(DelegatingMethodAccessorImpl.java:43)]]></system-err>
   </testsuite>
</testsuites>
