<?xml version="1.0" encoding="UTF-8"?>
<testsuites name="Profile" time="134.241" tests="2" failures="1" errors="0">
   <testsuite name="Profile" tests="2" failures="1" errors="0" time="134.241" skipped="0" timestamp="2024-02-13 22:53:39" hostname="CIkal - Cikal" id="Test Suites/Profile">
      <properties>
         <property name="deviceName" value="emulator-5554 (Android SDK built for x86 - Android 11)"/>
         <property name="devicePlatform" value=""/>
         <property name="logFolder" value="C:\\Users\\CIkal\\git\\katalon-finalmobile-RajasaCikal\\Reports\\20240213_225328\\Profile\\20240213_225328"/>
         <property name="logFiles" value="C:\\Users\\CIkal\\git\\katalon-finalmobile-RajasaCikal\\Reports\\20240213_225328\\Profile\\20240213_225328\\appium.log, C:\\Users\\CIkal\\git\\katalon-finalmobile-RajasaCikal\\Reports\\20240213_225328\\Profile\\20240213_225328\\execution0.log"/>
         <property name="attachments" value="C:\\Users\\CIkal\\git\\katalon-finalmobile-RajasaCikal\\Reports\\20240213_225328\\Profile\\20240213_225328\\1707839752531.png"/>
         <property name="hostName" value="CIkal - Cikal"/>
         <property name="os" value="Windows 11 64bit"/>
         <property name="appiumServerStatus" value="{&quot;value&quot;:{&quot;build&quot;:{&quot;version&quot;:&quot;1.22.3&quot;}},&quot;sessionId&quot;:null,&quot;status&quot;:0}"/>
         <property name="katalonVersion" value="9.0.0.212"/>
         <property name="deviceOS" value="Android"/>
         <property name="appiumVersion" value="1.22.3"/>
         <property name="deviceModel" value="Android SDK built for x86"/>
         <property name="hostAddress" value="192.168.0.25"/>
         <property name="deviceManufacturer" value="unknown"/>
         <property name="deviceId" value="emulator-5554"/>
         <property name="deviceName" value="emulator-5554 (Android SDK built for x86 - Android 11)"/>
         <property name="deviceOSVersion" value="11"/>
      </properties>
      <testcase name="Test Cases/Profile/TS - Login" time="71.576" classname="Test Cases/Profile/TS - Login" status="PASSED">
         <system-out><![CDATA[2024-02-13 22:53:39 - [TEST_CASE][PASSED] - Test Cases/Profile/TS - Login: Test Cases/Profile/TS - Login

2024-02-13 22:53:40 - [TEST_STEP][PASSED] - startApplication("D:\BFLP\Bootcamp\Materi\Advantage+demo+3.2.apk", true): Started app at: 'D:\BFLP\Bootcamp\Materi\Advantage+demo+3.2.apk'

2024-02-13 22:53:42 - [MESSAGE][INFO] - Detected NodeJS location: "C:\Program Files\nodejs\node.exe"

2024-02-13 22:53:44 - [MESSAGE][INFO] - Appium server started on port 59,599

2024-02-13 22:54:21 - [MESSAGE][PASSED] - Started app at: 'D:\BFLP\Bootcamp\Materi\Advantage+demo+3.2.apk'

2024-02-13 22:54:21 - [TEST_STEP][PASSED] - tap(findTestObject("Object Repository/Profile/Register/ImageView.BurgerButton"), 10): Tapped on element 'Object Repository/Profile/Register/ImageView.BurgerButton'

2024-02-13 22:54:24 - [MESSAGE][PASSED] - Tapped on element 'Object Repository/Profile/Register/ImageView.BurgerButton'

2024-02-13 22:54:24 - [TEST_STEP][PASSED] - tap(findTestObject("Object Repository/Profile/Register/LinearLayout.LoginButton"), 10): Tapped on element 'Object Repository/Profile/Register/LinearLayout.LoginButton'

2024-02-13 22:54:26 - [MESSAGE][PASSED] - Tapped on element 'Object Repository/Profile/Register/LinearLayout.LoginButton'

2024-02-13 22:54:26 - [TEST_STEP][PASSED] - tap(findTestObject("Object Repository/Profile/Login/RelativeLayout.Username"), 10): Tapped on element 'Object Repository/Profile/Login/RelativeLayout.Username'

2024-02-13 22:54:29 - [MESSAGE][PASSED] - Tapped on element 'Object Repository/Profile/Login/RelativeLayout.Username'

2024-02-13 22:54:29 - [TEST_STEP][PASSED] - setText(findTestObject("Object Repository/Profile/Login/EditText.Username"), "AquaBotol1", 10): Text 'AquaBotol1' has been set to element 'Object Repository/Profile/Login/EditText.Username'

2024-02-13 22:54:32 - [MESSAGE][PASSED] - Text 'AquaBotol1' has been set to element 'Object Repository/Profile/Login/EditText.Username'

2024-02-13 22:54:32 - [TEST_STEP][PASSED] - tap(findTestObject("Object Repository/Profile/Login/RelativeLayout.Password"), 10): Tapped on element 'Object Repository/Profile/Login/RelativeLayout.Password'

2024-02-13 22:54:34 - [MESSAGE][PASSED] - Tapped on element 'Object Repository/Profile/Login/RelativeLayout.Password'

2024-02-13 22:54:34 - [TEST_STEP][PASSED] - setText(findTestObject("Object Repository/Profile/Login/EditText.Password"), "AquaBotol1", 10): Text 'AquaBotol1' has been set to element 'Object Repository/Profile/Login/EditText.Password'

2024-02-13 22:54:36 - [MESSAGE][PASSED] - Text 'AquaBotol1' has been set to element 'Object Repository/Profile/Login/EditText.Password'

2024-02-13 22:54:36 - [TEST_STEP][PASSED] - tap(findTestObject("Object Repository/Profile/Login/Button.LOGIN"), 10): Tapped on element 'Object Repository/Profile/Login/Button.LOGIN'

2024-02-13 22:54:37 - [MESSAGE][PASSED] - Tapped on element 'Object Repository/Profile/Login/Button.LOGIN'

2024-02-13 22:54:37 - [TEST_STEP][PASSED] - tap(findTestObject("Object Repository/Profile/Register/ImageView.BurgerButton"), 10): Tapped on element 'Object Repository/Profile/Register/ImageView.BurgerButton'

2024-02-13 22:54:46 - [MESSAGE][PASSED] - Tapped on element 'Object Repository/Profile/Register/ImageView.BurgerButton'

2024-02-13 22:54:46 - [TEST_STEP][PASSED] - displayedUsername = getText(findTestObject("Object Repository/Profile/Register/TextView.Username"), 10): Text of element 'Object Repository/Profile/Register/TextView.Username' is: 'AquaBotol1'

2024-02-13 22:54:47 - [MESSAGE][PASSED] - Text of element 'Object Repository/Profile/Register/TextView.Username' is: 'AquaBotol1'

2024-02-13 22:54:47 - [TEST_STEP][PASSED] - assert displayedUsername.equalsIgnoreCase("AquaBotol1"): null

2024-02-13 22:54:47 - [TEST_STEP][PASSED] - closeApplication(): Close app successfully

2024-02-13 22:54:51 - [MESSAGE][PASSED] - Close app successfully]]></system-out>
         <system-err><![CDATA[]]></system-err>
      </testcase>
      <testcase name="Test Cases/Profile/TS - Register Account" time="62.094" classname="Test Cases/Profile/TS - Register Account" status="FAILED">
         <failure type="FAILED" message="Test Cases/Profile/TS - Register Account FAILED.&#xa;Reason:&#xa;com.kms.katalon.core.exception.StepFailedException: Object Object Repository/Profile/Register/EditText.Username not found&#xa;	at com.kms.katalon.core.keyword.internal.KeywordMain.stepFailed(KeywordMain.groovy:51)&#xa;	at com.kms.katalon.core.mobile.keyword.internal.MobileKeywordMain.stepFailed(MobileKeywordMain.groovy:40)&#xa;	at com.kms.katalon.core.mobile.keyword.builtin.SetTextKeyword$_setText_closure1.doCall(SetTextKeyword.groovy:76)&#xa;	at com.kms.katalon.core.mobile.keyword.builtin.SetTextKeyword$_setText_closure1.call(SetTextKeyword.groovy)&#xa;	at com.kms.katalon.core.mobile.keyword.internal.MobileKeywordMain.runKeyword(MobileKeywordMain.groovy:21)&#xa;	at com.kms.katalon.core.mobile.keyword.builtin.SetTextKeyword.setText(SetTextKeyword.groovy:83)&#xa;	at com.kms.katalon.core.mobile.keyword.builtin.SetTextKeyword.execute(SetTextKeyword.groovy:66)&#xa;	at com.kms.katalon.core.keyword.internal.KeywordExecutor.executeKeywordForPlatform(KeywordExecutor.groovy:74)&#xa;	at com.kms.katalon.core.mobile.keyword.MobileBuiltInKeywords.setText(MobileBuiltInKeywords.groovy:1307)&#xa;	at TS - Register Account.run(TS - Register Account:30)&#xa;	at com.kms.katalon.core.main.ScriptEngine.run(ScriptEngine.java:194)&#xa;	at com.kms.katalon.core.main.ScriptEngine.runScriptAsRawText(ScriptEngine.java:119)&#xa;	at com.kms.katalon.core.main.TestCaseExecutor.runScript(TestCaseExecutor.java:448)&#xa;	at com.kms.katalon.core.main.TestCaseExecutor.doExecute(TestCaseExecutor.java:439)&#xa;	at com.kms.katalon.core.main.TestCaseExecutor.processExecutionPhase(TestCaseExecutor.java:418)&#xa;	at com.kms.katalon.core.main.TestCaseExecutor.accessMainPhase(TestCaseExecutor.java:410)&#xa;	at com.kms.katalon.core.main.TestCaseExecutor.execute(TestCaseExecutor.java:285)&#xa;	at com.kms.katalon.core.common.CommonExecutor.accessTestCaseMainPhase(CommonExecutor.java:65)&#xa;	at com.kms.katalon.core.main.TestSuiteExecutor.accessTestSuiteMainPhase(TestSuiteExecutor.java:148)&#xa;	at com.kms.katalon.core.main.TestSuiteExecutor.execute(TestSuiteExecutor.java:106)&#xa;	at com.kms.katalon.core.main.TestCaseMain.startTestSuite(TestCaseMain.java:187)&#xa;	at TempTestSuite1707839608262.run(TempTestSuite1707839608262.groovy:36)&#xa;	at java.base/jdk.internal.reflect.NativeMethodAccessorImpl.invoke0(Native Method)&#xa;	at java.base/jdk.internal.reflect.NativeMethodAccessorImpl.invoke(NativeMethodAccessorImpl.java:77)&#xa;	at java.base/jdk.internal.reflect.DelegatingMethodAccessorImpl.invoke(DelegatingMethodAccessorImpl.java:43)&#xa;"/>
         <system-out><![CDATA[2024-02-13 22:54:51 - [TEST_CASE][FAILED] - Test Cases/Profile/TS - Register Account: Test Cases/Profile/TS - Register Account FAILED.
Reason:
com.kms.katalon.core.exception.StepFailedException: Object Object Repository/Profile/Register/EditText.Username not found
	at com.kms.katalon.core.keyword.internal.KeywordMain.stepFailed(KeywordMain.groovy:51)
	at com.kms.katalon.core.mobile.keyword.internal.MobileKeywordMain.stepFailed(MobileKeywordMain.groovy:40)
	at com.kms.katalon.core.mobile.keyword.builtin.SetTextKeyword$_setText_closure1.doCall(SetTextKeyword.groovy:76)
	at com.kms.katalon.core.mobile.keyword.builtin.SetTextKeyword$_setText_closure1.call(SetTextKeyword.groovy)
	at com.kms.katalon.core.mobile.keyword.internal.MobileKeywordMain.runKeyword(MobileKeywordMain.groovy:21)
	at com.kms.katalon.core.mobile.keyword.builtin.SetTextKeyword.setText(SetTextKeyword.groovy:83)
	at com.kms.katalon.core.mobile.keyword.builtin.SetTextKeyword.execute(SetTextKeyword.groovy:66)
	at com.kms.katalon.core.keyword.internal.KeywordExecutor.executeKeywordForPlatform(KeywordExecutor.groovy:74)
	at com.kms.katalon.core.mobile.keyword.MobileBuiltInKeywords.setText(MobileBuiltInKeywords.groovy:1307)
	at TS - Register Account.run(TS - Register Account:30)
	at com.kms.katalon.core.main.ScriptEngine.run(ScriptEngine.java:194)
	at com.kms.katalon.core.main.ScriptEngine.runScriptAsRawText(ScriptEngine.java:119)
	at com.kms.katalon.core.main.TestCaseExecutor.runScript(TestCaseExecutor.java:448)
	at com.kms.katalon.core.main.TestCaseExecutor.doExecute(TestCaseExecutor.java:439)
	at com.kms.katalon.core.main.TestCaseExecutor.processExecutionPhase(TestCaseExecutor.java:418)
	at com.kms.katalon.core.main.TestCaseExecutor.accessMainPhase(TestCaseExecutor.java:410)
	at com.kms.katalon.core.main.TestCaseExecutor.execute(TestCaseExecutor.java:285)
	at com.kms.katalon.core.common.CommonExecutor.accessTestCaseMainPhase(CommonExecutor.java:65)
	at com.kms.katalon.core.main.TestSuiteExecutor.accessTestSuiteMainPhase(TestSuiteExecutor.java:148)
	at com.kms.katalon.core.main.TestSuiteExecutor.execute(TestSuiteExecutor.java:106)
	at com.kms.katalon.core.main.TestCaseMain.startTestSuite(TestCaseMain.java:187)
	at TempTestSuite1707839608262.run(TempTestSuite1707839608262.groovy:36)
	at java.base/jdk.internal.reflect.NativeMethodAccessorImpl.invoke0(Native Method)
	at java.base/jdk.internal.reflect.NativeMethodAccessorImpl.invoke(NativeMethodAccessorImpl.java:77)
	at java.base/jdk.internal.reflect.DelegatingMethodAccessorImpl.invoke(DelegatingMethodAccessorImpl.java:43)


2024-02-13 22:54:51 - [TEST_STEP][PASSED] - startApplication("D:\BFLP\Bootcamp\Materi\Advantage+demo+3.2.apk", true): Started app at: 'D:\BFLP\Bootcamp\Materi\Advantage+demo+3.2.apk'

2024-02-13 22:54:52 - [MESSAGE][INFO] - Detected NodeJS location: "C:\Program Files\nodejs\node.exe"

2024-02-13 22:54:54 - [MESSAGE][INFO] - Appium server started on port 59,906

2024-02-13 22:55:26 - [MESSAGE][PASSED] - Started app at: 'D:\BFLP\Bootcamp\Materi\Advantage+demo+3.2.apk'

2024-02-13 22:55:26 - [TEST_STEP][PASSED] - tap(findTestObject("Object Repository/Profile/Register/ImageView.BurgerButton"), 10): Tapped on element 'Object Repository/Profile/Register/ImageView.BurgerButton'

2024-02-13 22:55:28 - [MESSAGE][PASSED] - Tapped on element 'Object Repository/Profile/Register/ImageView.BurgerButton'

2024-02-13 22:55:28 - [TEST_STEP][PASSED] - tap(findTestObject("Object Repository/Profile/Register/LinearLayout.LoginButton"), 10): Tapped on element 'Object Repository/Profile/Register/LinearLayout.LoginButton'

2024-02-13 22:55:31 - [MESSAGE][PASSED] - Tapped on element 'Object Repository/Profile/Register/LinearLayout.LoginButton'

2024-02-13 22:55:31 - [TEST_STEP][PASSED] - tap(findTestObject("Object Repository/Profile/Register/TextView.SignUPButton"), 10): Tapped on element 'Object Repository/Profile/Register/TextView.SignUPButton'

2024-02-13 22:55:41 - [MESSAGE][PASSED] - Tapped on element 'Object Repository/Profile/Register/TextView.SignUPButton'

2024-02-13 22:55:41 - [TEST_STEP][FAILED] - setText(findTestObject("Object Repository/Profile/Register/EditText.Username"), username, 10): Failed to set text into element (Root cause: com.kms.katalon.core.exception.StepFailedException: Object Object Repository/Profile/Register/EditText.Username not found
	at com.kms.katalon.core.keyword.internal.KeywordMain.stepFailed(KeywordMain.groovy:51)
	at com.kms.katalon.core.mobile.keyword.internal.MobileKeywordMain.stepFailed(MobileKeywordMain.groovy:40)
	at com.kms.katalon.core.mobile.keyword.builtin.SetTextKeyword$_setText_closure1.doCall(SetTextKeyword.groovy:76)
	at com.kms.katalon.core.mobile.keyword.builtin.SetTextKeyword$_setText_closure1.call(SetTextKeyword.groovy)
	at com.kms.katalon.core.mobile.keyword.internal.MobileKeywordMain.runKeyword(MobileKeywordMain.groovy:21)
	at com.kms.katalon.core.mobile.keyword.builtin.SetTextKeyword.setText(SetTextKeyword.groovy:83)
	at com.kms.katalon.core.mobile.keyword.builtin.SetTextKeyword.execute(SetTextKeyword.groovy:66)
	at com.kms.katalon.core.keyword.internal.KeywordExecutor.executeKeywordForPlatform(KeywordExecutor.groovy:74)
	at com.kms.katalon.core.mobile.keyword.MobileBuiltInKeywords.setText(MobileBuiltInKeywords.groovy:1307)
	at TS - Register Account.run(TS - Register Account:30)
	at com.kms.katalon.core.main.ScriptEngine.run(ScriptEngine.java:194)
	at com.kms.katalon.core.main.ScriptEngine.runScriptAsRawText(ScriptEngine.java:119)
	at com.kms.katalon.core.main.TestCaseExecutor.runScript(TestCaseExecutor.java:448)
	at com.kms.katalon.core.main.TestCaseExecutor.doExecute(TestCaseExecutor.java:439)
	at com.kms.katalon.core.main.TestCaseExecutor.processExecutionPhase(TestCaseExecutor.java:418)
	at com.kms.katalon.core.main.TestCaseExecutor.accessMainPhase(TestCaseExecutor.java:410)
	at com.kms.katalon.core.main.TestCaseExecutor.execute(TestCaseExecutor.java:285)
	at com.kms.katalon.core.common.CommonExecutor.accessTestCaseMainPhase(CommonExecutor.java:65)
	at com.kms.katalon.core.main.TestSuiteExecutor.accessTestSuiteMainPhase(TestSuiteExecutor.java:148)
	at com.kms.katalon.core.main.TestSuiteExecutor.execute(TestSuiteExecutor.java:106)
	at com.kms.katalon.core.main.TestCaseMain.startTestSuite(TestCaseMain.java:187)
	at TempTestSuite1707839608262.run(TempTestSuite1707839608262.groovy:36)
	at java.base/jdk.internal.reflect.NativeMethodAccessorImpl.invoke0(Native Method)
	at java.base/jdk.internal.reflect.NativeMethodAccessorImpl.invoke(NativeMethodAccessorImpl.java:77)
	at java.base/jdk.internal.reflect.DelegatingMethodAccessorImpl.invoke(DelegatingMethodAccessorImpl.java:43)
)

2024-02-13 22:55:52 - [MESSAGE][FAILED] - Object Object Repository/Profile/Register/EditText.Username not found

2024-02-13 22:55:53 - [MESSAGE][FAILED] - Failed to set text into element (Root cause: com.kms.katalon.core.exception.StepFailedException: Object Object Repository/Profile/Register/EditText.Username not found
	at com.kms.katalon.core.keyword.internal.KeywordMain.stepFailed(KeywordMain.groovy:51)
	at com.kms.katalon.core.mobile.keyword.internal.MobileKeywordMain.stepFailed(MobileKeywordMain.groovy:40)
	at com.kms.katalon.core.mobile.keyword.builtin.SetTextKeyword$_setText_closure1.doCall(SetTextKeyword.groovy:76)
	at com.kms.katalon.core.mobile.keyword.builtin.SetTextKeyword$_setText_closure1.call(SetTextKeyword.groovy)
	at com.kms.katalon.core.mobile.keyword.internal.MobileKeywordMain.runKeyword(MobileKeywordMain.groovy:21)
	at com.kms.katalon.core.mobile.keyword.builtin.SetTextKeyword.setText(SetTextKeyword.groovy:83)
	at com.kms.katalon.core.mobile.keyword.builtin.SetTextKeyword.execute(SetTextKeyword.groovy:66)
	at com.kms.katalon.core.keyword.internal.KeywordExecutor.executeKeywordForPlatform(KeywordExecutor.groovy:74)
	at com.kms.katalon.core.mobile.keyword.MobileBuiltInKeywords.setText(MobileBuiltInKeywords.groovy:1307)
	at TS - Register Account.run(TS - Register Account:30)
	at com.kms.katalon.core.main.ScriptEngine.run(ScriptEngine.java:194)
	at com.kms.katalon.core.main.ScriptEngine.runScriptAsRawText(ScriptEngine.java:119)
	at com.kms.katalon.core.main.TestCaseExecutor.runScript(TestCaseExecutor.java:448)
	at com.kms.katalon.core.main.TestCaseExecutor.doExecute(TestCaseExecutor.java:439)
	at com.kms.katalon.core.main.TestCaseExecutor.processExecutionPhase(TestCaseExecutor.java:418)
	at com.kms.katalon.core.main.TestCaseExecutor.accessMainPhase(TestCaseExecutor.java:410)
	at com.kms.katalon.core.main.TestCaseExecutor.execute(TestCaseExecutor.java:285)
	at com.kms.katalon.core.common.CommonExecutor.accessTestCaseMainPhase(CommonExecutor.java:65)
	at com.kms.katalon.core.main.TestSuiteExecutor.accessTestSuiteMainPhase(TestSuiteExecutor.java:148)
	at com.kms.katalon.core.main.TestSuiteExecutor.execute(TestSuiteExecutor.java:106)
	at com.kms.katalon.core.main.TestCaseMain.startTestSuite(TestCaseMain.java:187)
	at TempTestSuite1707839608262.run(TempTestSuite1707839608262.groovy:36)
	at java.base/jdk.internal.reflect.NativeMethodAccessorImpl.invoke0(Native Method)
	at java.base/jdk.internal.reflect.NativeMethodAccessorImpl.invoke(NativeMethodAccessorImpl.java:77)
	at java.base/jdk.internal.reflect.DelegatingMethodAccessorImpl.invoke(DelegatingMethodAccessorImpl.java:43)
)
[[ATTACHMENT|C:\\Users\\CIkal\\git\\katalon-finalmobile-RajasaCikal\\Reports\\20240213_225328\\Profile\\20240213_225328\\1707839752531.png]]]]></system-out>
         <system-err><![CDATA[2024-02-13 22:54:51 - [TEST_CASE][FAILED] - Test Cases/Profile/TS - Register Account: Test Cases/Profile/TS - Register Account FAILED.
Reason:
com.kms.katalon.core.exception.StepFailedException: Object Object Repository/Profile/Register/EditText.Username not found
	at com.kms.katalon.core.keyword.internal.KeywordMain.stepFailed(KeywordMain.groovy:51)
	at com.kms.katalon.core.mobile.keyword.internal.MobileKeywordMain.stepFailed(MobileKeywordMain.groovy:40)
	at com.kms.katalon.core.mobile.keyword.builtin.SetTextKeyword$_setText_closure1.doCall(SetTextKeyword.groovy:76)
	at com.kms.katalon.core.mobile.keyword.builtin.SetTextKeyword$_setText_closure1.call(SetTextKeyword.groovy)
	at com.kms.katalon.core.mobile.keyword.internal.MobileKeywordMain.runKeyword(MobileKeywordMain.groovy:21)
	at com.kms.katalon.core.mobile.keyword.builtin.SetTextKeyword.setText(SetTextKeyword.groovy:83)
	at com.kms.katalon.core.mobile.keyword.builtin.SetTextKeyword.execute(SetTextKeyword.groovy:66)
	at com.kms.katalon.core.keyword.internal.KeywordExecutor.executeKeywordForPlatform(KeywordExecutor.groovy:74)
	at com.kms.katalon.core.mobile.keyword.MobileBuiltInKeywords.setText(MobileBuiltInKeywords.groovy:1307)
	at TS - Register Account.run(TS - Register Account:30)
	at com.kms.katalon.core.main.ScriptEngine.run(ScriptEngine.java:194)
	at com.kms.katalon.core.main.ScriptEngine.runScriptAsRawText(ScriptEngine.java:119)
	at com.kms.katalon.core.main.TestCaseExecutor.runScript(TestCaseExecutor.java:448)
	at com.kms.katalon.core.main.TestCaseExecutor.doExecute(TestCaseExecutor.java:439)
	at com.kms.katalon.core.main.TestCaseExecutor.processExecutionPhase(TestCaseExecutor.java:418)
	at com.kms.katalon.core.main.TestCaseExecutor.accessMainPhase(TestCaseExecutor.java:410)
	at com.kms.katalon.core.main.TestCaseExecutor.execute(TestCaseExecutor.java:285)
	at com.kms.katalon.core.common.CommonExecutor.accessTestCaseMainPhase(CommonExecutor.java:65)
	at com.kms.katalon.core.main.TestSuiteExecutor.accessTestSuiteMainPhase(TestSuiteExecutor.java:148)
	at com.kms.katalon.core.main.TestSuiteExecutor.execute(TestSuiteExecutor.java:106)
	at com.kms.katalon.core.main.TestCaseMain.startTestSuite(TestCaseMain.java:187)
	at TempTestSuite1707839608262.run(TempTestSuite1707839608262.groovy:36)
	at java.base/jdk.internal.reflect.NativeMethodAccessorImpl.invoke0(Native Method)
	at java.base/jdk.internal.reflect.NativeMethodAccessorImpl.invoke(NativeMethodAccessorImpl.java:77)
	at java.base/jdk.internal.reflect.DelegatingMethodAccessorImpl.invoke(DelegatingMethodAccessorImpl.java:43)]]></system-err>
      </testcase>
      <system-out><![CDATA[2024-02-13 22:53:39 - [TEST_SUITE][FAILED] - Profile: Test Cases/Profile/TS - Register Account FAILED.
Reason:
com.kms.katalon.core.exception.StepFailedException: Object Object Repository/Profile/Register/EditText.Username not found
	at com.kms.katalon.core.keyword.internal.KeywordMain.stepFailed(KeywordMain.groovy:51)
	at com.kms.katalon.core.mobile.keyword.internal.MobileKeywordMain.stepFailed(MobileKeywordMain.groovy:40)
	at com.kms.katalon.core.mobile.keyword.builtin.SetTextKeyword$_setText_closure1.doCall(SetTextKeyword.groovy:76)
	at com.kms.katalon.core.mobile.keyword.builtin.SetTextKeyword$_setText_closure1.call(SetTextKeyword.groovy)
	at com.kms.katalon.core.mobile.keyword.internal.MobileKeywordMain.runKeyword(MobileKeywordMain.groovy:21)
	at com.kms.katalon.core.mobile.keyword.builtin.SetTextKeyword.setText(SetTextKeyword.groovy:83)
	at com.kms.katalon.core.mobile.keyword.builtin.SetTextKeyword.execute(SetTextKeyword.groovy:66)
	at com.kms.katalon.core.keyword.internal.KeywordExecutor.executeKeywordForPlatform(KeywordExecutor.groovy:74)
	at com.kms.katalon.core.mobile.keyword.MobileBuiltInKeywords.setText(MobileBuiltInKeywords.groovy:1307)
	at TS - Register Account.run(TS - Register Account:30)
	at com.kms.katalon.core.main.ScriptEngine.run(ScriptEngine.java:194)
	at com.kms.katalon.core.main.ScriptEngine.runScriptAsRawText(ScriptEngine.java:119)
	at com.kms.katalon.core.main.TestCaseExecutor.runScript(TestCaseExecutor.java:448)
	at com.kms.katalon.core.main.TestCaseExecutor.doExecute(TestCaseExecutor.java:439)
	at com.kms.katalon.core.main.TestCaseExecutor.processExecutionPhase(TestCaseExecutor.java:418)
	at com.kms.katalon.core.main.TestCaseExecutor.accessMainPhase(TestCaseExecutor.java:410)
	at com.kms.katalon.core.main.TestCaseExecutor.execute(TestCaseExecutor.java:285)
	at com.kms.katalon.core.common.CommonExecutor.accessTestCaseMainPhase(CommonExecutor.java:65)
	at com.kms.katalon.core.main.TestSuiteExecutor.accessTestSuiteMainPhase(TestSuiteExecutor.java:148)
	at com.kms.katalon.core.main.TestSuiteExecutor.execute(TestSuiteExecutor.java:106)
	at com.kms.katalon.core.main.TestCaseMain.startTestSuite(TestCaseMain.java:187)
	at TempTestSuite1707839608262.run(TempTestSuite1707839608262.groovy:36)
	at java.base/jdk.internal.reflect.NativeMethodAccessorImpl.invoke0(Native Method)
	at java.base/jdk.internal.reflect.NativeMethodAccessorImpl.invoke(NativeMethodAccessorImpl.java:77)
	at java.base/jdk.internal.reflect.DelegatingMethodAccessorImpl.invoke(DelegatingMethodAccessorImpl.java:43)]]></system-out>
      <system-err><![CDATA[2024-02-13 22:53:39 - [TEST_SUITE][FAILED] - Profile: Test Cases/Profile/TS - Register Account FAILED.
Reason:
com.kms.katalon.core.exception.StepFailedException: Object Object Repository/Profile/Register/EditText.Username not found
	at com.kms.katalon.core.keyword.internal.KeywordMain.stepFailed(KeywordMain.groovy:51)
	at com.kms.katalon.core.mobile.keyword.internal.MobileKeywordMain.stepFailed(MobileKeywordMain.groovy:40)
	at com.kms.katalon.core.mobile.keyword.builtin.SetTextKeyword$_setText_closure1.doCall(SetTextKeyword.groovy:76)
	at com.kms.katalon.core.mobile.keyword.builtin.SetTextKeyword$_setText_closure1.call(SetTextKeyword.groovy)
	at com.kms.katalon.core.mobile.keyword.internal.MobileKeywordMain.runKeyword(MobileKeywordMain.groovy:21)
	at com.kms.katalon.core.mobile.keyword.builtin.SetTextKeyword.setText(SetTextKeyword.groovy:83)
	at com.kms.katalon.core.mobile.keyword.builtin.SetTextKeyword.execute(SetTextKeyword.groovy:66)
	at com.kms.katalon.core.keyword.internal.KeywordExecutor.executeKeywordForPlatform(KeywordExecutor.groovy:74)
	at com.kms.katalon.core.mobile.keyword.MobileBuiltInKeywords.setText(MobileBuiltInKeywords.groovy:1307)
	at TS - Register Account.run(TS - Register Account:30)
	at com.kms.katalon.core.main.ScriptEngine.run(ScriptEngine.java:194)
	at com.kms.katalon.core.main.ScriptEngine.runScriptAsRawText(ScriptEngine.java:119)
	at com.kms.katalon.core.main.TestCaseExecutor.runScript(TestCaseExecutor.java:448)
	at com.kms.katalon.core.main.TestCaseExecutor.doExecute(TestCaseExecutor.java:439)
	at com.kms.katalon.core.main.TestCaseExecutor.processExecutionPhase(TestCaseExecutor.java:418)
	at com.kms.katalon.core.main.TestCaseExecutor.accessMainPhase(TestCaseExecutor.java:410)
	at com.kms.katalon.core.main.TestCaseExecutor.execute(TestCaseExecutor.java:285)
	at com.kms.katalon.core.common.CommonExecutor.accessTestCaseMainPhase(CommonExecutor.java:65)
	at com.kms.katalon.core.main.TestSuiteExecutor.accessTestSuiteMainPhase(TestSuiteExecutor.java:148)
	at com.kms.katalon.core.main.TestSuiteExecutor.execute(TestSuiteExecutor.java:106)
	at com.kms.katalon.core.main.TestCaseMain.startTestSuite(TestCaseMain.java:187)
	at TempTestSuite1707839608262.run(TempTestSuite1707839608262.groovy:36)
	at java.base/jdk.internal.reflect.NativeMethodAccessorImpl.invoke0(Native Method)
	at java.base/jdk.internal.reflect.NativeMethodAccessorImpl.invoke(NativeMethodAccessorImpl.java:77)
	at java.base/jdk.internal.reflect.DelegatingMethodAccessorImpl.invoke(DelegatingMethodAccessorImpl.java:43)]]></system-err>
   </testsuite>
</testsuites>
